memory profiling: sample.interval=20000
:1174227:3864887:109729536:4336:"[.data.frame" "[" "eval" "eval" 
:1225320:3864887:120741264:17006:"Ops.factor" "==" "eval" "eval" 
:1040190:2383130:91146384:17052:"NextMethod" "[.factor" "[" "[.data.frame" "[" "eval" "eval" 
:1095939:2383130:103159224:18552:"Ops.factor" "==" "eval" "eval" 
:1155853:2383130:116076968:19948:"levels" "noNA.levels" "Ops.factor" "==" "eval" "eval" 
:1018068:2383130:86387056:16903:"==" "eval" "eval" 
:1074204:2383630:98399504:18553:"NextMethod" "Ops.factor" "==" "eval" "eval" 
:1141668:2383630:112943376:22462:"[" "[.data.frame" "[" "eval" "eval" 
:1202586:2383630:126071736:20272:"nzchar" "Ops.factor" "==" "eval" "eval" 
:1064026:2383630:96275984:16734:"levels" "[.factor" "[" "[.data.frame" "[" "eval" "eval" 
:1114551:2383630:107170336:16822:"NextMethod" "Ops.factor" "==" "eval" "eval" 
:1190790:2384130:123500328:25224:"==" "eval" "eval" 
:1047859:2384130:92790320:15303:"%in%" "[.data.frame" "[" "eval" "eval" 
:1113484:2384130:106916152:21815:"levels" "noNA.levels" "Ops.factor" "==" "eval" "eval" 
:1174925:2384130:120152648:20441:"dim" "[.data.frame" "[" "eval" "eval" 
:1038415:2384130:90745256:17318:"[.data.frame" "[" "eval" "eval" 
:1090651:2384630:101888416:17211:"NextMethod" "[.factor" "[" "[.data.frame" "[" "eval" "eval" 
:1149594:2384630:114581936:19601:"attr" "levels.default" "levels" "noNA.levels" "Ops.factor" "==" "eval" "eval" 
:1197649:2384630:124946360:16008:"attr" "[.factor" "[" "[.data.frame" "[" "eval" "eval" 
:1075439:2384630:98710752:22209:"dim" "dim" "[.data.frame" "[" "eval" "eval" 
:1122164:2384630:108791368:15566:"NextMethod" "Ops.factor" "==" "eval" "eval" 
:1192925:2385130:123925984:23374:"[.data.frame" "[" "eval" "eval" 
:1059621:2385130:95309200:18530:"==" "eval" "eval" 
:1099397:2385130:103880616:13234:"NextMethod" "Ops.factor" "==" "eval" "eval" 
:1170463:2385130:119195104:23651:"dim" "dim" "[.data.frame" "[" "eval" "eval" 
:1036686:2385130:90361600:18184:"[.factor" "[" "[.data.frame" "[" "eval" "eval" 
:1091357:2385630:101997784:17970:"length" "length" "[.data.frame" "[" "eval" "eval" 
:1134007:2385630:111194440:14204:"eval" "eval" 
:1203107:2385630:126071736:22972:"any" "noNA.levels" "Ops.factor" "==" "eval" "eval" 
:1066923:2385630:96854240:17586:"==" "eval" "eval" 
:1135187:2385630:111574232:22730:"levels" "noNA.levels" "Ops.factor" "==" "eval" "eval" 
:1197971:2386130:124947592:20658:"[.factor" "[" "[.data.frame" "[" "eval" "eval" 
:1059404:2386130:95224864:16795:"[" "eval" "eval" 
:1127989:2386130:110007520:22829:"Ops.factor" "==" "eval" "eval" 
:1177860:2386130:120748824:16585:"[.data.frame" "[" "eval" "eval" 
:1036290:2386130:90245176:15584:"names" "names" "[.data.frame" "[" "eval" "eval" 
:1088312:2386630:101301536:17078:"length" "length" "[.data.frame" "[" "eval" "eval" 
:1159713:2386630:116697224:23774:"[.data.frame" "[" "eval" "eval" 
:1017226:2386630:86119712:15465:"NextMethod" "[.factor" "[" "[.data.frame" "[" "eval" "eval" 
:1080024:2386630:99652616:20897:"names" "names" "[.data.frame" "[" "eval" "eval" 
:1141743:2386630:112958888:20549:"[.data.frame" "[" "eval" "eval" 
:1202377:2387130:125854288:19915:"NextMethod" "Ops.factor" "==" "eval" "eval" 
:1071241:2387130:97761608:19293:"attr" "[.factor" "[" "[.data.frame" "[" "eval" "eval" 
:1134324:2387130:111370112:21015:"[.data.frame" "[" "eval" "eval" 
:1195450:2387130:124546632:20351:"[.factor" "[" "[.data.frame" "[" "eval" "eval" 
:1063199:2387130:96022416:18616:"nargs" "[.data.frame" "[" "eval" "eval" 
:1127271:2387630:109640160:21034:"Ops.factor" "==" "eval" "eval" 
:1189888:2387630:123136888:20843:"NextMethod" "[.factor" "[" "[.data.frame" "[" "eval" "eval" 
:1045408:2380435:92357944:15291:"all" "Ops.factor" "==" "eval" "eval" 
:1096760:2380435:103412120:17071:"[.factor" "[" "[.data.frame" "[" "eval" "eval" 
:1177461:2380435:120808688:26864:"NextMethod" "Ops.factor" "==" "eval" "eval" 
:1034594:2380935:90018488:15270:"is.na" "Ops.factor" "==" "eval" "eval" 
:1080930:2380935:100010456:15429:"[.data.frame" "[" "eval" "eval" 
:1154389:2380935:115850672:24467:"[.factor" "[" "[.data.frame" "[" "eval" "eval" 
:1201883:2380935:126071736:15780:"eval" "eval" 
:1074466:2380935:98601104:20392:"NextMethod" "Ops.factor" "==" "eval" "eval" 
:1136159:2381435:111700344:20233:"is.na" "is.na" "Ops.factor" "==" "eval" "eval" 
:1191398:2381435:123605216:18383:"any" "noNA.levels" "Ops.factor" "==" "eval" "eval" 
:1049291:2381435:93161488:15793:"[.factor" "[" "[.data.frame" "[" "eval" "eval" 
:1121738:2381435:108784312:24125:"is.na" "Ops.factor" "==" "eval" "eval" 
:1183517:2381435:122089632:20546:"noNA.levels" "Ops.factor" "==" "eval" "eval" 
:1042161:2381935:91423808:15446:"attr" "levels.default" "levels" "[.factor" "[" "[.data.frame" "[" "eval" "eval" 
:1113882:2381935:106876448:23859:"all" "[.data.frame" "[" "eval" "eval" 
:1167859:2381935:118504400:17958:"eval" "eval" 
:1041484:2381935:91465752:21034:"NextMethod" "Ops.factor" "==" "eval" "eval" 
:1099665:2381935:104008408:19370:"eval" "eval" 
:1156384:2382435:116005568:18528:"noNA.levels" "Ops.factor" "==" "eval" "eval" 
:1027489:2382435:88435144:20209:"[.factor" "[" "[.data.frame" "[" "eval" "eval" 
:1093838:2382435:102737096:22085:"noNA.levels" "Ops.factor" "==" "eval" "eval" 
:1147062:2382435:114221240:17735:"Ops.factor" "==" "eval" "eval" 
:1200790:2382435:125799688:17881:"nzchar" "Ops.factor" "==" "eval" "eval" 
:1057911:2382935:94782016:14877:"names" "names" "[.data.frame" "[" "eval" "eval" 
:1092651:2382935:102268544:11561:"NextMethod" "Ops.factor" "==" "eval" "eval" 
:1142056:2382935:112899584:16416:"NextMethod" "Ops.factor" "==" "eval" "eval" 
:1188326:2382935:122877944:15410:"any" "noNA.levels" "Ops.factor" "==" "eval" "eval" 
:1064240:2382935:96339152:21783:"[.data.frame" "[" "eval" "eval" 
:1124471:2382935:109322640:20052:"[.data.frame" "[" "eval" "eval" 
:1189863:2383435:123185832:21411:"NextMethod" "[.factor" "[" "[.data.frame" "[" "eval" "eval" 
:1041879:2383435:91498736:13829:"eval" "eval" 
:1089952:2383435:101851568:15982:"%in%" "[.data.frame" "[" "eval" "eval" 
:1141202:2383435:112898184:17062:"dim" "[.data.frame" "[" "eval" "eval" 
:1018884:2383435:86553544:22070:"attr" "[.factor" "[" "[.data.frame" "[" "eval" "eval" 
:1079319:2383935:99358280:19775:"[.data.frame" "[" "eval" "eval" 
:1145668:2383935:113661240:22090:"[.factor" "[" "[.data.frame" "[" "eval" "eval" 
:1203347:2383935:126071736:19163:"==" "eval" "eval" 
:1073597:2383935:98331520:19908:"NextMethod" "Ops.factor" "==" "eval" "eval" 
:1138631:2383935:112349272:21648:"NextMethod" "[.factor" "[" "[.data.frame" "[" "eval" "eval" 
:1201819:2384605:125738312:20680:"[.data.frame" "[" "eval" "eval" 
:1066111:2384452:96706232:17912:"is.na" "is.na" "Ops.factor" "==" "eval" "eval" 
:1129981:2384452:110481280:21274:"levels" "noNA.levels" "Ops.factor" "==" "eval" "eval" 
:1174181:2384452:120006320:14709:"is.na" "Ops.factor" "==" "eval" "eval" 
:1033024:2384452:89560464:15720:"[.data.frame" "[" "eval" "eval" 
:1085414:2385217:100617496:17078:"levels" "noNA.levels" "Ops.factor" "==" "eval" "eval" 
:1137209:2385217:111778576:17235:"NextMethod" "Ops.factor" "==" "eval" "eval" 
:1200681:2385217:125468672:21144:"Ops.factor" "==" "eval" "eval" 
:1073659:2384970:98315392:20798:"NextMethod" "[.factor" "[" "[.data.frame" "[" "eval" "eval" 
:1136921:2384970:111935488:21031:"all" "Ops.factor" "==" "eval" "eval" 
:1192513:2385750:123680704:18141:"NextMethod" "[.factor" "[" "[.data.frame" "[" "eval" "eval" 
:1065623:2385489:96568472:20848:"NextMethod" "Ops.factor" "==" "eval" "eval" 
:1125523:2385489:109480560:19942:"NextMethod" "[.factor" "[" "[.data.frame" "[" "eval" "eval" 
:1181042:2385489:121421496:18434:"match" "%in%" "[.data.frame" "[" "eval" "eval" 
:1037756:2385489:90552448:15048:"[" "[.data.frame" "[" "eval" "eval" 
:1100613:2386284:103865552:20560:"[.data.frame" "[" "eval" "eval" 
:1174287:2386284:119767928:24561:"[.factor" "[" "[.data.frame" "[" "eval" "eval" 
:1030248:2386009:88929792:15081:"%in%" "[.data.frame" "[" "eval" "eval" 
:1109557:2386009:106018472:26392:"length" "length" "[.data.frame" "[" "eval" "eval" 
:1166932:2386009:118387416:19103:"==" "eval" "eval" 
:1037646:2386530:90508208:19649:"[.factor" "[" "[.data.frame" "[" "eval" "eval" 
:1101267:2386530:104222832:21179:"levels" "noNA.levels" "Ops.factor" "==" "eval" "eval" 
:1160556:2386530:116983160:19704:"[.factor" "[" "[.data.frame" "[" "eval" "eval" 
:1030547:2386530:88974816:19440:"NextMethod" "Ops.factor" "==" "eval" "eval" 
:1100528:2387355:103820584:22931:"all" "Ops.factor" "==" "eval" "eval" 
:1154533:2387355:115467912:17984:"sys.call" "match" "%in%" "[.data.frame" "[" "eval" "eval" 
:1022010:2387052:87121328:18918:"==" "eval" "eval" 
:1086522:2387052:101021760:21467:"levels" "[.factor" "[" "[.data.frame" "[" "eval" "eval" 
:1147305:2387052:114127216:20236:"Ops.factor" "==" "eval" "eval" 
:1013180:2380458:85414112:18481:"all" "[.data.frame" "[" "eval" "eval" 
:1073953:2380458:98487480:20188:"length" "length" "[.data.frame" "[" "eval" "eval" 
:1136209:2380458:111894216:20704:"attr" "[.factor" "[" "[.data.frame" "[" "eval" "eval" 
:1195169:2380458:124591936:19607:"[.factor" "[" "[.data.frame" "[" "eval" "eval" 
:1062785:2380458:96108096:18832:"dim" "dim" "[.data.frame" "[" "eval" "eval" 
:1103321:2380458:104845664:13493:"dim" "[.data.frame" "[" "eval" "eval" 
:1169889:2381313:118973344:21823:"levels" "[.factor" "[" "[.data.frame" "[" "eval" "eval" 
:1026353:2380982:88231920:15336:"[" "eval" "eval" 
:1097469:2380982:103562648:23675:"dim" "dim" "[.data.frame" "[" "eval" "eval" 
:1160575:2380982:117155192:20991:"==" "eval" "eval" 
:1201916:2380982:126071736:13769:"levels" "noNA.levels" "Ops.factor" "==" "eval" "eval" 
:1078139:2381852:99147888:21228:"NextMethod" "Ops.factor" "==" "eval" "eval" 
:1136383:2381852:111698664:19384:"NextMethod" "[.factor" "[" "[.data.frame" "[" "eval" "eval" 
:1197688:2381852:124919760:20417:"is.na" "is.na" "Ops.factor" "==" "eval" "eval" 
:1059221:2381507:95294976:17045:"length" "length" "[.data.frame" "[" "eval" "eval" 
:1126370:2381788:109621456:22131:"seq_len" "[<-.data.frame" "[<-" "eval" "eval" 
:1185169:2382392:122210088:19439:"dim" "dim" "[.data.frame" "[" "eval" "eval" 
:1051178:2382033:93550464:18530:"NextMethod" "Ops.factor" "==" "eval" "eval" 
:1107592:2382033:105701008:18763:"names" "names" "[.data.frame" "[" "eval" "eval" 
:1170975:2382033:119364224:21101:"[.data.frame" "[" "eval" "eval" 
:1018493:2382033:86507960:12047:"attr" "[.factor" "[" "[.data.frame" "[" "eval" "eval" 
:1078058:2382933:99105944:19457:"Ops.factor" "==" "eval" "eval" 
:1154852:2382933:115657752:25562:"[" "[.data.frame" "[" "eval" "eval" 
:1036821:2382560:90438040:23829:"length" "length" "[.data.frame" "[" "eval" "eval" 
:1093917:2382560:102742920:19002:"length" "length" "[.data.frame" "[" "eval" "eval" 
:1146368:2383475:113816584:17104:"NextMethod" "[.factor" "[" "[.data.frame" "[" "eval" "eval" 
:1200756:2383475:125528704:18088:"levels.default" "levels" "[.factor" "[" "[.data.frame" "[" "eval" "eval" 
:1077557:2383088:99213520:22134:"levels" "[.factor" "[" "[.data.frame" "[" "eval" "eval" 
:1138410:2383088:112337512:20265:"is.na" "is.na" "Ops.factor" "==" "eval" "eval" 
:1201562:2383088:125938512:21002:"[.data.frame" "[" "eval" "eval" 
:1069258:2384018:97184808:18362:"levels" "noNA.levels" "Ops.factor" "==" "eval" "eval" 
:1130924:2384018:110466384:20507:"match" "%in%" "[.data.frame" "[" "eval" "eval" 
:1194780:2384018:124236728:21269:"[" "eval" "eval" 
:1060322:2383617:95489744:18364:"length" "length" "[.data.frame" "[" "eval" "eval" 
:1123481:2383617:109078032:20982:"length" "length" "[.data.frame" "[" "eval" "eval" 
:1187327:2384562:122593072:20877:"levels" "[.factor" "[" "[.data.frame" "[" "eval" "eval" 
:1052414:2384147:93755088:18211:"names" "names" "[.data.frame" "[" "eval" "eval" 
:1116350:2384147:107530584:21273:"levels" "noNA.levels" "Ops.factor" "==" "eval" "eval" 
:1168431:2384147:118761328:17344:"NextMethod" "Ops.factor" "==" "eval" "eval" 
:1026545:2384147:88180624:15521:"levels" "noNA.levels" "Ops.factor" "==" "eval" "eval" 
:1109328:2385107:105766808:27162:"==" "eval" "eval" 
:1164460:2385107:117640376:18335:"[" "[.data.frame" "[" "eval" "eval" 
:1019029:2384678:86550072:14723:"all" "Ops.factor" "==" "eval" "eval" 
:1100426:2384678:104090784:27091:"levels" "[.factor" "[" "[.data.frame" "[" "eval" "eval" 
:1154053:2384678:115645488:17840:"NextMethod" "[.factor" "[" "[.data.frame" "[" "eval" "eval" 
:1203469:2385653:126071736:16104:"length" "length" "[.data.frame" "[" "eval" "eval" 
:1089645:2385210:101765552:25196:"[.data.frame" "[" "eval" "eval" 
:1146831:2385210:114063376:18991:"[.factor" "[" "[.data.frame" "[" "eval" "eval" 
:1192858:2385210:123993296:15334:"[.data.frame" "[" "eval" "eval" 
:1047983:2385210:92767192:14502:"NextMethod" "[.factor" "[" "[.data.frame" "[" "eval" "eval" 
:1102806:2386727:104448344:18044:"levels" "[.factor" "[" "[.data.frame" "[" "eval" "eval" 
:1163546:2386727:117528936:20197:"NextMethod" "[.factor" "[" "[.data.frame" "[" "eval" "eval" 
:1027688:2385777:88389896:17716:"[.data.frame" "[" "eval" "eval" 
:1091601:2385777:102163208:21268:"length" "length" "[.data.frame" "[" "eval" "eval" 
:1148751:2385777:114487296:19035:"levels.default" "levels" "[.factor" "[" "[.data.frame" "[" "eval" "eval" 
:1019401:2386345:86599184:19641:"is.na" "Ops.factor" "==" "eval" "eval" 
:1083441:2386345:100406992:21323:"NextMethod" "[.factor" "[" "[.data.frame" "[" "eval" "eval" 
:1140638:2386345:112727384:19024:"names" "[.data.frame" "[" "eval" "eval" 
:1202500:2386345:126071736:20610:"levels" "noNA.levels" "Ops.factor" "==" "eval" "eval" 
:1075168:2386345:98615552:20301:"length" "length" "[.data.frame" "[" "eval" "eval" 
:1134269:2388110:111255424:19521:"names" "[.data.frame" "[" "eval" "eval" 
:1187658:2388110:122768072:17778:"match" "%in%" "[.data.frame" "[" "eval" "eval" 
:1067937:2386916:97025600:22944:"[.data.frame" "[" "eval" "eval" 
:1111536:2386916:106423016:14514:"[.factor" "[" "[.data.frame" "[" "eval" "eval" 
:1171147:2386916:119273728:19844:"NextMethod" "[.factor" "[" "[.data.frame" "[" "eval" "eval" 
:1042017:2387560:91444136:19711:"NextMethod" "[.factor" "[" "[.data.frame" "[" "eval" "eval" 
:1104922:2387560:104992216:20919:"NextMethod" "Ops.factor" "==" "eval" "eval" 
:1163379:2387560:117593784:19461:"Ops.factor" "==" "eval" "eval" 
:1019146:2380507:86699536:15115:"[.data.frame" "[" "eval" "eval" 
:1095461:2380507:103144664:25396:"Ops.factor" "==" "eval" "eval" 
:1154072:2382344:115684016:19371:"levels" "[.factor" "[" "[.data.frame" "[" "eval" "eval" 
:1021477:2381082:87195584:18815:"[.data.frame" "[" "eval" "eval" 
:1085728:2381082:101026016:21361:"levels" "[.factor" "[" "[.data.frame" "[" "eval" "eval" 
:1147469:2381082:114337160:20554:"dim" "dim" "[.data.frame" "[" "eval" "eval" 
:1014284:2381082:85640352:18487:"[.data.frame" "[" "eval" "eval" 
:1077511:2382945:99172864:20903:"levels" "[.factor" "[" "[.data.frame" "[" "eval" "eval" 
:1139186:2382945:112466088:20528:"[" "[.data.frame" "[" "eval" "eval" 
:1201616:2382945:125929216:20789:"[.data.frame" "[" "eval" "eval" 
:1059344:2381658:95353160:15577:"levels" "noNA.levels" "Ops.factor" "==" "eval" "eval" 
:1113632:2381658:107061920:18082:"Ops.factor" "==" "eval" "eval" 
:1184042:2383567:122143896:23293:"[.data.frame" "[" "eval" "eval" 
:1052192:2382237:93802744:19020:"[.data.frame" "[" "eval" "eval" 
:1122907:2382237:109047512:23545:"[.factor" "[" "[.data.frame" "[" "eval" "eval" 
:1185257:2382237:122481856:20745:"Ops.factor" "==" "eval" "eval" 
:1043211:2384003:91767368:15317:
